<?xml version="1.0" encoding="UTF-8"?>
<!-- Generated by org.testng.reporters.JUnitReportReporter -->
<testsuite hostname="PRASHANT" failures="0" tests="1" name="Basic.OrganizationTest" time="32.982" errors="0" timestamp="2024-03-16T12:33:04 IST" skipped="0">
  <testcase classname="Basic.OrganizationTest" name="CreateOrganizationTest" time="32.982"/>
  <system-out/>
</testsuite> <!-- Basic.OrganizationTest -->
