<?xml version="1.0" encoding="UTF-8"?>
<!-- Generated by org.testng.reporters.JUnitReportReporter -->
<testsuite hostname="PRASHANT" failures="0" tests="1" name="Basic.OrganizationTest" time="28.103" errors="0" timestamp="2024-03-18T17:52:06 IST" skipped="0">
  <testcase classname="Basic.OrganizationTest" name="CreateOrganisationTest" time="28.103"/>
  <system-out/>
</testsuite> <!-- Basic.OrganizationTest -->
